<component name="libraryTable">
  <library name="junit-4.11">
    <CLASSES>
      <root url="jar://$PROJECT_DIR$/../de.fu_berlin.inf.dpp.core/lib/junit-4.11.jar!/" />
    </CLASSES>
    <JAVADOC />
    <SOURCES />
  </library>
</component>